<testsuites id="" name="" tests="5" failures="0" skipped="0" errors="0" time="1.9821769999999996">
<testsuite name="example.spec.ts" timestamp="2025-06-06T18:36:04.832Z" hostname="chromium" tests="5" failures="0" skipped="0" time="1.897" errors="0">
<testcase name="Job Application Tracker › should redirect to login page when not authenticated" classname="example.spec.ts" time="0.343">
</testcase>
<testcase name="Job Application Tracker › should display login form elements" classname="example.spec.ts" time="0.395">
</testcase>
<testcase name="Job Application Tracker › should be responsive on mobile" classname="example.spec.ts" time="0.368">
</testcase>
<testcase name="Job Application Tracker › should handle 404 pages gracefully" classname="example.spec.ts" time="0.406">
</testcase>
<testcase name="Job Application Tracker › should show register link" classname="example.spec.ts" time="0.385">
</testcase>
</testsuite>
</testsuites>